<?xml version="1.0" encoding="UTF-8"?>
<testng-results skipped="0" failed="0" ignored="0" total="1" passed="1">
  <reporter-output>
  </reporter-output>
  <suite name="Default suite" duration-ms="66537" started-at="2020-01-25T08:18:59Z" finished-at="2020-01-25T08:20:06Z">
    <groups>
    </groups>
    <test name="Default test" duration-ms="66537" started-at="2020-01-25T08:18:59Z" finished-at="2020-01-25T08:20:06Z">
      <class name="test_class.Test_page">
        <test-method status="PASS" signature="test()[pri:0, instance:test_class.Test_page@174d20a]" name="test" duration-ms="66514" started-at="2020-01-25T13:48:59Z" finished-at="2020-01-25T13:50:06Z">
          <reporter-output>
          </reporter-output>
        </test-method> <!-- test -->
      </class> <!-- test_class.Test_page -->
    </test> <!-- Default test -->
  </suite> <!-- Default suite -->
</testng-results>
