<?xml version="1.0" encoding="UTF-8"?>
<testng-results skipped="0" failed="0" ignored="0" total="1" passed="1">
  <reporter-output>
  </reporter-output>
  <suite name="Default suite" duration-ms="97422" started-at="2020-01-31T03:39:53Z" finished-at="2020-01-31T03:41:30Z">
    <groups>
    </groups>
    <test name="Default test" duration-ms="97422" started-at="2020-01-31T03:39:53Z" finished-at="2020-01-31T03:41:30Z">
      <class name="test_class.Trip_test_page">
        <test-method status="PASS" signature="test()[pri:0, instance:test_class.Trip_test_page@7ac7a4e4]" name="test" duration-ms="97396" started-at="2020-01-31T09:09:53Z" finished-at="2020-01-31T09:11:30Z">
          <reporter-output>
          </reporter-output>
        </test-method> <!-- test -->
      </class> <!-- test_class.Trip_test_page -->
    </test> <!-- Default test -->
  </suite> <!-- Default suite -->
</testng-results>
